0 verbose cli /home/ubuntu/.nvm/versions/node/v18.0.0/bin/node /home/ubuntu/.nvm/versions/node/v18.0.0/bin/npm
1 info using npm@8.6.0
2 info using node@v18.0.0
3 timing npm:load:whichnode Completed in 1ms
4 timing config:load:defaults Completed in 2ms
5 timing config:load:file:/home/ubuntu/.nvm/versions/node/v18.0.0/lib/node_modules/npm/npmrc Completed in 17ms
6 timing config:load:builtin Completed in 17ms
7 timing config:load:cli Completed in 2ms
8 timing config:load:env Completed in 1ms
9 timing config:load:project Completed in 5ms
10 timing config:load:file:/home/ubuntu/.npmrc Completed in 0ms
11 timing config:load:user Completed in 0ms
12 timing config:load:file:/home/ubuntu/.nvm/versions/node/v18.0.0/etc/npmrc Completed in 0ms
13 timing config:load:global Completed in 0ms
14 timing config:load:validate Completed in 0ms
15 timing config:load:credentials Completed in 1ms
16 timing config:load:setEnvs Completed in 1ms
17 timing config:load Completed in 31ms
18 timing npm:load:configload Completed in 31ms
19 timing npm:load:mkdirpcache Completed in 1ms
20 timing npm:load:mkdirplogs Completed in 0ms
21 verbose title npm install
22 verbose argv "install"
23 timing npm:load:setTitle Completed in 2ms
24 timing config:load:flatten Completed in 3ms
25 timing npm:load:display Completed in 5ms
26 verbose logfile logs-max:10 dir:/home/ubuntu/.npm/_logs
27 verbose logfile /home/ubuntu/.npm/_logs/2022-04-21T22_36_46_839Z-debug-0.log
28 timing npm:load:logFile Completed in 9ms
29 timing npm:load:timers Completed in 0ms
30 timing npm:load:configScope Completed in 0ms
31 timing npm:load Completed in 49ms
32 timing arborist:ctor Completed in 1ms
33 silly logfile done cleaning log files
34 timing idealTree Completed in 2ms
35 timing command:install Completed in 18ms
36 verbose stack JSONParseError: Unexpected token "<" (0x3C) in JSON at position 2 while parsing near "{\n<<<<<<< HEAD\n  \"depe..."
36 verbose stack     at /home/ubuntu/.nvm/versions/node/v18.0.0/lib/node_modules/npm/node_modules/read-package-json-fast/index.js:11:61
36 verbose stack     at async Arborist.buildIdealTree (/home/ubuntu/.nvm/versions/node/v18.0.0/lib/node_modules/npm/node_modules/@npmcli/arborist/lib/arborist/build-ideal-tree.js:213:7)
36 verbose stack     at async Promise.all (index 1)
36 verbose stack     at async Arborist.reify (/home/ubuntu/.nvm/versions/node/v18.0.0/lib/node_modules/npm/node_modules/@npmcli/arborist/lib/arborist/reify.js:153:5)
36 verbose stack     at async Install.exec (/home/ubuntu/.nvm/versions/node/v18.0.0/lib/node_modules/npm/lib/commands/install.js:159:5)
36 verbose stack     at async module.exports (/home/ubuntu/.nvm/versions/node/v18.0.0/lib/node_modules/npm/lib/cli.js:78:5)
37 verbose cwd /home/ubuntu
38 verbose Linux 5.11.0-1022-aws
39 verbose node v18.0.0
40 verbose npm  v8.6.0
41 error code EJSONPARSE
42 error path /home/ubuntu/package.json
43 error Merge conflict detected in your package.json.
43 error
43 error Please resolve the package.json conflict and retry.
44 verbose exit 1
45 timing npm Completed in 140ms
46 verbose unfinished npm timer reify 1650580606957
47 verbose unfinished npm timer reify:loadTrees 1650580606967
48 verbose unfinished npm timer idealTree:init 1650580606968
49 verbose code 1
50 error A complete log of this run can be found in:
50 error     /home/ubuntu/.npm/_logs/2022-04-21T22_36_46_839Z-debug-0.log
