0 verbose cli /home/ubuntu/.nvm/versions/node/v18.0.0/bin/node /home/ubuntu/.nvm/versions/node/v18.0.0/bin/npm
1 info using npm@8.6.0
2 info using node@v18.0.0
3 timing npm:load:whichnode Completed in 1ms
4 timing config:load:defaults Completed in 2ms
5 timing config:load:file:/home/ubuntu/.nvm/versions/node/v18.0.0/lib/node_modules/npm/npmrc Completed in 18ms
6 timing config:load:builtin Completed in 18ms
7 timing config:load:cli Completed in 6ms
8 timing config:load:env Completed in 0ms
9 timing config:load:project Completed in 1ms
10 timing config:load:file:/home/ubuntu/.npmrc Completed in 0ms
11 timing config:load:user Completed in 1ms
12 timing config:load:file:/home/ubuntu/.nvm/versions/node/v18.0.0/etc/npmrc Completed in 0ms
13 timing config:load:global Completed in 0ms
14 timing config:load:validate Completed in 0ms
15 timing config:load:credentials Completed in 1ms
16 timing config:load:setEnvs Completed in 1ms
17 timing config:load Completed in 32ms
18 timing npm:load:configload Completed in 32ms
19 timing npm:load:mkdirpcache Completed in 1ms
20 timing npm:load:mkdirplogs Completed in 0ms
21 verbose title npm install modules
22 verbose argv "install" "modules"
23 timing npm:load:setTitle Completed in 2ms
24 timing config:load:flatten Completed in 4ms
25 timing npm:load:display Completed in 6ms
26 verbose logfile logs-max:10 dir:/home/ubuntu/.npm/_logs
27 verbose logfile /home/ubuntu/.npm/_logs/2022-04-21T22_31_04_665Z-debug-0.log
28 timing npm:load:logFile Completed in 6ms
29 timing npm:load:timers Completed in 0ms
30 timing npm:load:configScope Completed in 0ms
31 timing npm:load Completed in 48ms
32 timing arborist:ctor Completed in 1ms
33 silly logfile done cleaning log files
34 timing idealTree:init Completed in 10ms
35 timing idealTree:userRequests Completed in 3ms
36 silly idealTree buildDeps
37 silly fetch manifest modules@*
38 http fetch GET 200 https://registry.npmjs.org/modules 199ms (cache miss)
39 silly placeDep ROOT modules@0.4.0 OK for:  want: *
40 timing idealTree:#root Completed in 214ms
41 timing idealTree:node_modules/modules Completed in 0ms
42 timing idealTree:buildDeps Completed in 215ms
43 timing idealTree:fixDepFlags Completed in 1ms
44 timing idealTree Completed in 232ms
45 timing reify:loadTrees Completed in 233ms
46 timing reify:diffTrees Completed in 1ms
47 silly reify moves {}
48 timing reify:retireShallow Completed in 1ms
49 timing reify:createSparse Completed in 3ms
50 timing reify:loadBundles Completed in 0ms
51 silly audit bulk request { modules: [ '0.4.0' ] }
52 silly tarball no local data for modules@https://registry.npmjs.org/modules/-/modules-0.4.0.tgz. Extracting by manifest.
53 http fetch POST 200 https://registry.npmjs.org/-/npm/v1/security/advisories/bulk 80ms
54 timing auditReport:getReport Completed in 81ms
55 silly audit report {}
56 timing auditReport:init Completed in 0ms
57 timing reify:audit Completed in 83ms
58 http fetch GET 200 https://registry.npmjs.org/modules/-/modules-0.4.0.tgz 133ms (cache miss)
59 timing reifyNode:node_modules/modules Completed in 143ms
60 timing reify:unpack Completed in 143ms
61 timing reify:unretire Completed in 1ms
62 timing build:queue Completed in 1ms
63 timing build:deps Completed in 1ms
64 timing build Completed in 1ms
65 timing reify:build Completed in 1ms
66 timing reify:trash Completed in 0ms
67 timing reify:save Completed in 8ms
68 timing reify Completed in 412ms
69 silly ADD node_modules/modules
70 timing command:install Completed in 418ms
71 verbose exit 0
72 timing npm Completed in 536ms
73 info ok
